2020-07-23 23:46:55.171 DEBUG 6028 --- [http-nio-8887-exec-2] c.p.c.m.N.countByExample                 : ==>  Preparing: select count(*) from t_notification WHERE ( receiver = ? and status = ? )
2020-07-23 23:46:55.171 DEBUG 6028 --- [http-nio-8887-exec-5] c.p.c.m.N.countByExample                 : ==>  Preparing: select count(*) from t_notification WHERE ( receiver = ? and status = ? )
2020-07-23 23:46:55.171 DEBUG 6028 --- [http-nio-8887-exec-6] c.p.c.m.N.countByExample                 : ==>  Preparing: select count(*) from t_notification WHERE ( receiver = ? and status = ? )
2020-07-23 23:46:55.171 DEBUG 6028 --- [http-nio-8887-exec-3] c.p.c.m.N.countByExample                 : ==>  Preparing: select count(*) from t_notification WHERE ( receiver = ? and status = ? )
2020-07-23 23:46:55.171 DEBUG 6028 --- [http-nio-8887-exec-4] c.p.c.m.N.countByExample                 : ==>  Preparing: select count(*) from t_notification WHERE ( receiver = ? and status = ? )
2020-07-23 23:46:55.175 DEBUG 6028 --- [http-nio-8887-exec-2] c.p.c.m.N.countByExample                 : ==> Parameters: 20(Long), 0(Integer)
2020-07-23 23:46:55.175 DEBUG 6028 --- [http-nio-8887-exec-4] c.p.c.m.N.countByExample                 : ==> Parameters: 20(Long), 0(Integer)
2020-07-23 23:46:55.175 DEBUG 6028 --- [http-nio-8887-exec-3] c.p.c.m.N.countByExample                 : ==> Parameters: 20(Long), 0(Integer)
2020-07-23 23:46:55.175 DEBUG 6028 --- [http-nio-8887-exec-5] c.p.c.m.N.countByExample                 : ==> Parameters: 20(Long), 0(Integer)
2020-07-23 23:46:55.175 DEBUG 6028 --- [http-nio-8887-exec-6] c.p.c.m.N.countByExample                 : ==> Parameters: 20(Long), 0(Integer)
2020-07-23 23:46:55.176 DEBUG 6028 --- [http-nio-8887-exec-2] c.p.c.m.N.countByExample                 : <==      Total: 1
2020-07-23 23:46:55.176 DEBUG 6028 --- [http-nio-8887-exec-4] c.p.c.m.N.countByExample                 : <==      Total: 1
2020-07-23 23:46:55.176 DEBUG 6028 --- [http-nio-8887-exec-3] c.p.c.m.N.countByExample                 : <==      Total: 1
2020-07-23 23:46:55.176 DEBUG 6028 --- [http-nio-8887-exec-6] c.p.c.m.N.countByExample                 : <==      Total: 1
2020-07-23 23:46:55.176 DEBUG 6028 --- [http-nio-8887-exec-5] c.p.c.m.N.countByExample                 : <==      Total: 1
2020-07-23 23:46:55.204 DEBUG 6028 --- [http-nio-8887-exec-7] c.p.c.mapper.UserMapper.selectByExample  : ==>  Preparing: select id, account_id, name, token, gmt_create, gmt_modified, bio, avatar_url from t_user WHERE ( token = ? )
2020-07-23 23:46:55.204 DEBUG 6028 --- [http-nio-8887-exec-7] c.p.c.mapper.UserMapper.selectByExample  : ==> Parameters: 31576fe1-2721-4bce-b462-a08fc1d89df5(String)
2020-07-23 23:46:55.206 DEBUG 6028 --- [http-nio-8887-exec-7] c.p.c.mapper.UserMapper.selectByExample  : <==      Total: 1
2020-07-23 23:46:55.208 DEBUG 6028 --- [http-nio-8887-exec-7] c.p.c.m.N.countByExample                 : ==>  Preparing: select count(*) from t_notification WHERE ( receiver = ? and status = ? )
2020-07-23 23:46:55.208 DEBUG 6028 --- [http-nio-8887-exec-7] c.p.c.m.N.countByExample                 : ==> Parameters: 20(Long), 0(Integer)
2020-07-23 23:46:55.209 DEBUG 6028 --- [http-nio-8887-exec-7] c.p.c.m.N.countByExample                 : <==      Total: 1
2020-07-23 23:46:55.237 DEBUG 6028 --- [http-nio-8887-exec-8] c.p.c.mapper.UserMapper.selectByExample  : ==>  Preparing: select id, account_id, name, token, gmt_create, gmt_modified, bio, avatar_url from t_user WHERE ( token = ? )
2020-07-23 23:46:55.237 DEBUG 6028 --- [http-nio-8887-exec-8] c.p.c.mapper.UserMapper.selectByExample  : ==> Parameters: 31576fe1-2721-4bce-b462-a08fc1d89df5(String)
2020-07-23 23:46:55.238 DEBUG 6028 --- [http-nio-8887-exec-8] c.p.c.mapper.UserMapper.selectByExample  : <==      Total: 1
2020-07-23 23:46:55.239 DEBUG 6028 --- [http-nio-8887-exec-8] c.p.c.m.N.countByExample                 : ==>  Preparing: select count(*) from t_notification WHERE ( receiver = ? and status = ? )
2020-07-23 23:46:55.240 DEBUG 6028 --- [http-nio-8887-exec-8] c.p.c.m.N.countByExample                 : ==> Parameters: 20(Long), 0(Integer)
2020-07-23 23:46:55.241 DEBUG 6028 --- [http-nio-8887-exec-8] c.p.c.m.N.countByExample                 : <==      Total: 1
